Arguments: 
  /usr/bin/node /usr/bin/yarn add jest

PATH: 
  /usr/local/bin:/usr/bin:/usr/local/sbin:/var/lib/flatpak/exports/bin:/usr/lib/jvm/default/bin:/usr/bin/site_perl:/usr/bin/vendor_perl:/usr/bin/core_perl

Yarn version: 
  1.22.10

Node version: 
  16.10.0

Platform: 
  linux x64

Trace: 
  Error: https://registry.yarnpkg.com/pndome: Not found
      at Request.params.callback [as _callback] (/usr/lib/node_modules/yarn/lib/cli.js:66988:18)
      at Request.self.callback (/usr/lib/node_modules/yarn/lib/cli.js:140662:22)
      at Request.emit (node:events:390:28)
      at Request.<anonymous> (/usr/lib/node_modules/yarn/lib/cli.js:141634:10)
      at Request.emit (node:events:390:28)
      at IncomingMessage.<anonymous> (/usr/lib/node_modules/yarn/lib/cli.js:141556:12)
      at Object.onceWrapper (node:events:509:28)
      at IncomingMessage.emit (node:events:402:35)
      at endReadableNT (node:internal/streams/readable:1343:12)
      at processTicksAndRejections (node:internal/process/task_queues:83:21)

npm manifest: 
  {
  	"name": "backend",
  	"version": "0.0.0",
  	"license": "GPL-3.0",
  	"description": "A private file hosting service with a clean and simple user interface, and user access controls.",
  	"author": "Elias Mawa <elias@emawa.io>",
  	"private": true,
  	"homepage": "https://github.com/theluckyegg/pndome/tree/main/packages/backend#readme",
  	"repository": {
  		"type": "git",
  		"url": "git+https://github.com/theluckyegg/pndome.git"
  	},
  	"scripts": {
  		"test": "jest",
  		"watch": "nodemon --watch 'src/**/*' --watch 'spec/**/*' -e ts,tsx --exec ts-node ./src/index.ts",
  		"serve": "yarn watch",
  		"build": "tsc",
  		"start": "node dist/src/index.ts"
  	},
  	"bugs": {
  		"url": "https://github.com/theluckyegg/pndome/issues"
  	},
  	"dependencies": {
  		"pndome": "^0.0.0"
  	}
  }

yarn manifest: 
  No manifest

Lockfile: 
  No lockfile
